---------------------------------------------------------------
[2019-05-12T15:28:38+08:00] 127.0.0.1 GET www.soapcoffee.com/
[运行时间：0.050294s] [吞吐率：19.88req/s] [内存消耗：1,661.47kb] [文件加载：56]
[ info ] [ LANG ] D:\EP2\thinkphp\lang\zh-cn.php
[ info ] [ ROUTE ] array (
)
[ info ] [ HEADER ] array (
  'accept-language' => 'zh-CN,zh;q=0.9,zh-TW;q=0.8,en;q=0.7',
  'accept-encoding' => 'gzip, deflate',
  'accept' => 'text/html,application/xhtml+xml,application/xml;q=0.9,image/webp,image/apng,*/*;q=0.8,application/signed-exchange;v=b3',
  'user-agent' => 'Mozilla/5.0 (Windows NT 10.0; Win64; x64) AppleWebKit/537.36 (KHTML, like Gecko) Chrome/74.0.3729.131 Safari/537.36',
  'upgrade-insecure-requests' => '1',
  'cache-control' => 'max-age=0',
  'connection' => 'close',
  'host' => 'www.soapcoffee.com',
)
[ info ] [ PARAM ] array (
)
---------------------------------------------------------------
[2019-05-12T15:29:15+08:00] 127.0.0.1 GET www.soapcoffee.com/
[运行时间：0.051709s] [吞吐率：19.34req/s] [内存消耗：1,706.85kb] [文件加载：58]
[ info ] [ LANG ] D:\EP2\thinkphp\lang\zh-cn.php
[ info ] [ ROUTE ] array (
)
[ info ] [ HEADER ] array (
  'accept-language' => 'zh-CN,zh;q=0.9,zh-TW;q=0.8,en;q=0.7',
  'accept-encoding' => 'gzip, deflate',
  'accept' => 'text/html,application/xhtml+xml,application/xml;q=0.9,image/webp,image/apng,*/*;q=0.8,application/signed-exchange;v=b3',
  'user-agent' => 'Mozilla/5.0 (Windows NT 10.0; Win64; x64) AppleWebKit/537.36 (KHTML, like Gecko) Chrome/74.0.3729.131 Safari/537.36',
  'upgrade-insecure-requests' => '1',
  'cache-control' => 'max-age=0',
  'connection' => 'close',
  'host' => 'www.soapcoffee.com',
)
[ info ] [ PARAM ] array (
)
---------------------------------------------------------------
[2019-05-12T15:29:16+08:00] 127.0.0.1 GET www.soapcoffee.com/
[运行时间：0.032567s] [吞吐率：30.71req/s] [内存消耗：1,707.25kb] [文件加载：58]
[ info ] [ LANG ] D:\EP2\thinkphp\lang\zh-cn.php
[ info ] [ ROUTE ] array (
)
[ info ] [ HEADER ] array (
  'cookie' => 'thinkphp_show_page_trace=0|0',
  'accept-language' => 'zh-CN,zh;q=0.9,zh-TW;q=0.8,en;q=0.7',
  'accept-encoding' => 'gzip, deflate',
  'accept' => 'text/html,application/xhtml+xml,application/xml;q=0.9,image/webp,image/apng,*/*;q=0.8,application/signed-exchange;v=b3',
  'user-agent' => 'Mozilla/5.0 (Windows NT 10.0; Win64; x64) AppleWebKit/537.36 (KHTML, like Gecko) Chrome/74.0.3729.131 Safari/537.36',
  'upgrade-insecure-requests' => '1',
  'cache-control' => 'max-age=0',
  'connection' => 'close',
  'host' => 'www.soapcoffee.com',
)
[ info ] [ PARAM ] array (
)
---------------------------------------------------------------
[2019-05-12T15:32:58+08:00] 127.0.0.1 GET www.soapcoffee.com/
[运行时间：0.046530s] [吞吐率：21.49req/s] [内存消耗：1,706.41kb] [文件加载：58]
[ info ] [ LANG ] D:\EP2\thinkphp\lang\zh-cn.php
[ info ] [ ROUTE ] array (
)
[ info ] [ HEADER ] array (
  'cookie' => 'thinkphp_show_page_trace=0|0',
  'accept-language' => 'zh-CN,zh;q=0.9,zh-TW;q=0.8,en;q=0.7',
  'accept-encoding' => 'gzip, deflate',
  'accept' => 'text/html,application/xhtml+xml,application/xml;q=0.9,image/webp,image/apng,*/*;q=0.8,application/signed-exchange;v=b3',
  'user-agent' => 'Mozilla/5.0 (Windows NT 10.0; Win64; x64) AppleWebKit/537.36 (KHTML, like Gecko) Chrome/74.0.3729.131 Safari/537.36',
  'upgrade-insecure-requests' => '1',
  'cache-control' => 'max-age=0',
  'connection' => 'close',
  'host' => 'www.soapcoffee.com',
)
[ info ] [ PARAM ] array (
)
---------------------------------------------------------------
[2019-05-12T16:03:00+08:00] 127.0.0.1 GET www.soapcoffee.com/
[运行时间：0.045861s] [吞吐率：21.81req/s] [内存消耗：1,706.11kb] [文件加载：58]
[ info ] [ LANG ] D:\EP2\thinkphp\lang\zh-cn.php
[ info ] [ ROUTE ] array (
)
[ info ] [ HEADER ] array (
  'cookie' => 'thinkphp_show_page_trace=0|0',
  'accept-language' => 'zh-CN,zh;q=0.9,zh-TW;q=0.8,en;q=0.7',
  'accept-encoding' => 'gzip, deflate',
  'accept' => 'text/html,application/xhtml+xml,application/xml;q=0.9,image/webp,image/apng,*/*;q=0.8,application/signed-exchange;v=b3',
  'user-agent' => 'Mozilla/5.0 (Windows NT 10.0; Win64; x64) AppleWebKit/537.36 (KHTML, like Gecko) Chrome/74.0.3729.131 Safari/537.36',
  'upgrade-insecure-requests' => '1',
  'connection' => 'close',
  'host' => 'www.soapcoffee.com',
)
[ info ] [ PARAM ] array (
)
---------------------------------------------------------------
[2019-05-12T16:07:42+08:00] 127.0.0.1 GET www.soapcoffee.com/
[运行时间：0.033194s] [吞吐率：30.13req/s] [内存消耗：1,706.11kb] [文件加载：58]
[ info ] [ LANG ] D:\EP2\thinkphp\lang\zh-cn.php
[ info ] [ ROUTE ] array (
)
[ info ] [ HEADER ] array (
  'cookie' => 'thinkphp_show_page_trace=0|0',
  'accept-language' => 'zh-CN,zh;q=0.9,zh-TW;q=0.8,en;q=0.7',
  'accept-encoding' => 'gzip, deflate',
  'accept' => 'text/html,application/xhtml+xml,application/xml;q=0.9,image/webp,image/apng,*/*;q=0.8,application/signed-exchange;v=b3',
  'user-agent' => 'Mozilla/5.0 (Windows NT 10.0; Win64; x64) AppleWebKit/537.36 (KHTML, like Gecko) Chrome/74.0.3729.131 Safari/537.36',
  'upgrade-insecure-requests' => '1',
  'connection' => 'close',
  'host' => 'www.soapcoffee.com',
)
[ info ] [ PARAM ] array (
)
---------------------------------------------------------------
[2019-05-12T16:07:55+08:00] 127.0.0.1 GET www.soapcoffee.com/
[运行时间：0.028878s] [吞吐率：34.63req/s] [内存消耗：1,706.50kb] [文件加载：58]
[ info ] [ LANG ] D:\EP2\thinkphp\lang\zh-cn.php
[ info ] [ ROUTE ] array (
)
[ info ] [ HEADER ] array (
  'cookie' => 'thinkphp_show_page_trace=0|0',
  'accept-language' => 'zh-CN,zh;q=0.9,zh-TW;q=0.8,en;q=0.7',
  'accept-encoding' => 'gzip, deflate',
  'accept' => 'text/html,application/xhtml+xml,application/xml;q=0.9,image/webp,image/apng,*/*;q=0.8,application/signed-exchange;v=b3',
  'user-agent' => 'Mozilla/5.0 (Windows NT 10.0; Win64; x64) AppleWebKit/537.36 (KHTML, like Gecko) Chrome/74.0.3729.131 Safari/537.36',
  'upgrade-insecure-requests' => '1',
  'cache-control' => 'max-age=0',
  'connection' => 'close',
  'host' => 'www.soapcoffee.com',
)
[ info ] [ PARAM ] array (
)
